<?xml version="1.0" encoding="UTF-8"?>
<testng-results ignored="0" total="2" passed="2" failed="0" skipped="0">
  <reporter-output>
  </reporter-output>
  <suite started-at="2021-08-08T00:03:09 IST" name="smoke test" finished-at="2021-08-08T00:03:27 IST" duration-ms="18148">
    <groups>
    </groups>
    <test started-at="2021-08-08T00:03:09 IST" name="Test-facebook" finished-at="2021-08-08T00:03:26 IST" duration-ms="17582">
      <class name="com.selenium.testng.facebook">
        <test-method is-config="true" signature="beforeTest()[pri:0, instance:com.selenium.testng.facebook@f5acb9d]" started-at="2021-08-08T00:03:09 IST" name="beforeTest" finished-at="2021-08-08T00:03:20 IST" duration-ms="11216" status="PASS">
          <reporter-output>
          </reporter-output>
        </test-method> <!-- beforeTest -->
        <test-method signature="facebook1()[pri:0, instance:com.selenium.testng.facebook@f5acb9d]" started-at="2021-08-08T00:03:20 IST" name="facebook1" description="test case for facebook " finished-at="2021-08-08T00:03:25 IST" duration-ms="5199" status="PASS">
          <reporter-output>
          </reporter-output>
        </test-method> <!-- facebook1 -->
        <test-method is-config="true" signature="afterTest()[pri:0, instance:com.selenium.testng.facebook@f5acb9d]" started-at="2021-08-08T00:03:25 IST" name="afterTest" finished-at="2021-08-08T00:03:26 IST" duration-ms="1050" status="PASS">
          <reporter-output>
          </reporter-output>
        </test-method> <!-- afterTest -->
      </class> <!-- com.selenium.testng.facebook -->
    </test> <!-- Test-facebook -->
    <test started-at="2021-08-08T00:03:09 IST" name="instagram" finished-at="2021-08-08T00:03:27 IST" duration-ms="18148">
      <class name="com.selenium.testng.Instagram">
        <test-method is-config="true" signature="beforeTest()[pri:0, instance:com.selenium.testng.Instagram@49c7b90e]" started-at="2021-08-08T00:03:09 IST" name="beforeTest" finished-at="2021-08-08T00:03:20 IST" duration-ms="11216" status="PASS">
          <reporter-output>
          </reporter-output>
        </test-method> <!-- beforeTest -->
        <test-method signature="instagram()[pri:0, instance:com.selenium.testng.Instagram@49c7b90e]" started-at="2021-08-08T00:03:20 IST" name="instagram" finished-at="2021-08-08T00:03:26 IST" duration-ms="5975" status="PASS">
          <reporter-output>
          </reporter-output>
        </test-method> <!-- instagram -->
        <test-method is-config="true" signature="afterTest()[pri:0, instance:com.selenium.testng.Instagram@49c7b90e]" started-at="2021-08-08T00:03:26 IST" name="afterTest" finished-at="2021-08-08T00:03:27 IST" duration-ms="881" status="PASS">
          <reporter-output>
          </reporter-output>
        </test-method> <!-- afterTest -->
      </class> <!-- com.selenium.testng.Instagram -->
    </test> <!-- instagram -->
  </suite> <!-- smoke test -->
</testng-results>
